<?xml version="1.0"?>
<testsuite name="Chrome 88.0.4298.0 (Windows 10)" package="" timestamp="2020-12-27T13:59:42" id="0" hostname="CFG-ALEX" tests="3" errors="0" failures="0" time="0.124">
  <properties>
    <property name="browser.fullName" value="Mozilla/5.0 (Windows NT 10.0; Win64; x64) AppleWebKit/537.36 (KHTML, like Gecko) Chrome/88.0.4298.0 Safari/537.36"/>
  </properties>
  <testcase name="AppComponent should have as title 'cfg-ng'" time="0.101" classname="Chrome_88_0_4298_0_(Windows_10).AppComponent"/>
  <testcase name="AppComponent should render title" time="0.015" classname="Chrome_88_0_4298_0_(Windows_10).AppComponent"/>
  <testcase name="AppComponent should create the app" time="0.008" classname="Chrome_88_0_4298_0_(Windows_10).AppComponent"/>
  <system-out>
    <![CDATA[
]]>
  </system-out>
  <system-err/>
</testsuite>